<?xml version="1.0" encoding="UTF-8"?>
<testsuite name="ru.netology.MihailMokhov.service.CustomerServiceTest" tests="2" skipped="0" failures="0" errors="0" timestamp="2023-12-26T20:57:12" hostname="MOOS" time="0.359">
  <properties/>
  <testcase name="getClientsTest()" classname="ru.netology.MihailMokhov.service.CustomerServiceTest" time="0.354"/>
  <testcase name="saveInCustomerServiceTest()" classname="ru.netology.MihailMokhov.service.CustomerServiceTest" time="0.003"/>
  <system-out><![CDATA[01:57:11.073 [Test worker] DEBUG org.springframework.test.context.BootstrapUtils - Instantiating CacheAwareContextLoaderDelegate from class [org.springframework.test.context.cache.DefaultCacheAwareContextLoaderDelegate]
01:57:11.081 [Test worker] DEBUG org.springframework.test.context.BootstrapUtils - Instantiating BootstrapContext using constructor [public org.springframework.test.context.support.DefaultBootstrapContext(java.lang.Class,org.springframework.test.context.CacheAwareContextLoaderDelegate)]
01:57:11.102 [Test worker] DEBUG org.springframework.test.context.BootstrapUtils - Instantiating TestContextBootstrapper for test class [ru.netology.MihailMokhov.service.CustomerServiceTest] from class [org.springframework.boot.test.context.SpringBootTestContextBootstrapper]
01:57:11.109 [Test worker] INFO org.springframework.boot.test.context.SpringBootTestContextBootstrapper - Neither @ContextConfiguration nor @ContextHierarchy found for test class [ru.netology.MihailMokhov.service.CustomerServiceTest], using SpringBootContextLoader
01:57:11.112 [Test worker] DEBUG org.springframework.test.context.support.AbstractContextLoader - Did not detect default resource location for test class [ru.netology.MihailMokhov.service.CustomerServiceTest]: class path resource [ru/netology/MihailMokhov/service/CustomerServiceTest-context.xml] does not exist
01:57:11.112 [Test worker] DEBUG org.springframework.test.context.support.AbstractContextLoader - Did not detect default resource location for test class [ru.netology.MihailMokhov.service.CustomerServiceTest]: class path resource [ru/netology/MihailMokhov/service/CustomerServiceTestContext.groovy] does not exist
01:57:11.112 [Test worker] INFO org.springframework.test.context.support.AbstractContextLoader - Could not detect default resource locations for test class [ru.netology.MihailMokhov.service.CustomerServiceTest]: no resource found for suffixes {-context.xml, Context.groovy}.
01:57:11.112 [Test worker] INFO org.springframework.test.context.support.AnnotationConfigContextLoaderUtils - Could not detect default configuration classes for test class [ru.netology.MihailMokhov.service.CustomerServiceTest]: CustomerServiceTest does not declare any static, non-private, non-final, nested classes annotated with @Configuration.
01:57:11.139 [Test worker] DEBUG org.springframework.test.context.support.ActiveProfilesUtils - Could not find an 'annotation declaring class' for annotation type [org.springframework.test.context.ActiveProfiles] and class [ru.netology.MihailMokhov.service.CustomerServiceTest]
01:57:11.178 [Test worker] DEBUG org.springframework.context.annotation.ClassPathScanningCandidateComponentProvider - Identified candidate component class: file [C:\Users\moosz\OneDrive\Desktop\API_Operations_History-main\build\classes\java\main\ru\netology\MihailMokhov\OperationHistoryApiApplication.class]
01:57:11.179 [Test worker] INFO org.springframework.boot.test.context.SpringBootTestContextBootstrapper - Found @SpringBootConfiguration ru.netology.MihailMokhov.OperationHistoryApiApplication for test class ru.netology.MihailMokhov.service.CustomerServiceTest
01:57:11.269 [Test worker] DEBUG org.springframework.boot.test.context.SpringBootTestContextBootstrapper - @TestExecutionListeners is not present for class [ru.netology.MihailMokhov.service.CustomerServiceTest]: using defaults.
01:57:11.269 [Test worker] INFO org.springframework.boot.test.context.SpringBootTestContextBootstrapper - Loaded default TestExecutionListener class names from location [META-INF/spring.factories]: [org.springframework.boot.test.autoconfigure.restdocs.RestDocsTestExecutionListener, org.springframework.boot.test.autoconfigure.web.client.MockRestServiceServerResetTestExecutionListener, org.springframework.boot.test.autoconfigure.web.servlet.MockMvcPrintOnlyOnFailureTestExecutionListener, org.springframework.boot.test.autoconfigure.web.servlet.WebDriverTestExecutionListener, org.springframework.boot.test.autoconfigure.webservices.client.MockWebServiceServerTestExecutionListener, org.springframework.boot.test.mock.mockito.MockitoTestExecutionListener, org.springframework.boot.test.mock.mockito.ResetMocksTestExecutionListener, org.springframework.test.context.web.ServletTestExecutionListener, org.springframework.test.context.support.DirtiesContextBeforeModesTestExecutionListener, org.springframework.test.context.event.ApplicationEventsTestExecutionListener, org.springframework.test.context.support.DependencyInjectionTestExecutionListener, org.springframework.test.context.support.DirtiesContextTestExecutionListener, org.springframework.test.context.transaction.TransactionalTestExecutionListener, org.springframework.test.context.jdbc.SqlScriptsTestExecutionListener, org.springframework.test.context.event.EventPublishingTestExecutionListener]
01:57:11.278 [Test worker] DEBUG org.springframework.boot.test.context.SpringBootTestContextBootstrapper - Skipping candidate TestExecutionListener [org.springframework.test.context.transaction.TransactionalTestExecutionListener] due to a missing dependency. Specify custom listener classes or make the default listener classes and their required dependencies available. Offending class: [org/springframework/transaction/interceptor/TransactionAttributeSource]
01:57:11.279 [Test worker] DEBUG org.springframework.boot.test.context.SpringBootTestContextBootstrapper - Skipping candidate TestExecutionListener [org.springframework.test.context.jdbc.SqlScriptsTestExecutionListener] due to a missing dependency. Specify custom listener classes or make the default listener classes and their required dependencies available. Offending class: [org/springframework/transaction/interceptor/TransactionAttribute]
01:57:11.279 [Test worker] INFO org.springframework.boot.test.context.SpringBootTestContextBootstrapper - Using TestExecutionListeners: [org.springframework.test.context.web.ServletTestExecutionListener@2c282004, org.springframework.test.context.support.DirtiesContextBeforeModesTestExecutionListener@22ee2d0, org.springframework.test.context.event.ApplicationEventsTestExecutionListener@7bfc3126, org.springframework.boot.test.mock.mockito.MockitoTestExecutionListener@3e792ce3, org.springframework.boot.test.autoconfigure.SpringBootDependencyInjectionTestExecutionListener@53bc1328, org.springframework.test.context.support.DirtiesContextTestExecutionListener@26f143ed, org.springframework.test.context.event.EventPublishingTestExecutionListener@3c1e3314, org.springframework.boot.test.autoconfigure.restdocs.RestDocsTestExecutionListener@4b770e40, org.springframework.boot.test.autoconfigure.web.client.MockRestServiceServerResetTestExecutionListener@78e16155, org.springframework.boot.test.autoconfigure.web.servlet.MockMvcPrintOnlyOnFailureTestExecutionListener@54a3ab8f, org.springframework.boot.test.autoconfigure.web.servlet.WebDriverTestExecutionListener@1968a49c, org.springframework.boot.test.autoconfigure.webservices.client.MockWebServiceServerTestExecutionListener@6a1ebcff, org.springframework.boot.test.mock.mockito.ResetMocksTestExecutionListener@19868320]
01:57:11.283 [Test worker] DEBUG org.springframework.test.context.support.AbstractDirtiesContextTestExecutionListener - Before test class: context [DefaultTestContext@271f18d3 testClass = CustomerServiceTest, testInstance = [null], testMethod = [null], testException = [null], mergedContextConfiguration = [WebMergedContextConfiguration@6bd51ed8 testClass = CustomerServiceTest, locations = '{}', classes = '{class ru.netology.MihailMokhov.OperationHistoryApiApplication}', contextInitializerClasses = '[]', activeProfiles = '{}', propertySourceLocations = '{}', propertySourceProperties = '{org.springframework.boot.test.context.SpringBootTestContextBootstrapper=true}', contextCustomizers = set[org.springframework.boot.test.autoconfigure.actuate.metrics.MetricsExportContextCustomizerFactory$DisableMetricExportContextCustomizer@556d0826, org.springframework.boot.test.autoconfigure.properties.PropertyMappingContextCustomizer@0, org.springframework.boot.test.autoconfigure.web.servlet.WebDriverContextCustomizerFactory$Customizer@6111ba37, org.springframework.boot.test.context.filter.ExcludeFilterContextCustomizer@60f7cc1d, org.springframework.boot.test.json.DuplicateJsonObjectContextCustomizerFactory$DuplicateJsonObjectContextCustomizer@207ea13, org.springframework.boot.test.mock.mockito.MockitoContextCustomizer@0, org.springframework.boot.test.web.client.TestRestTemplateContextCustomizer@a8c1f44, org.springframework.boot.test.context.SpringBootTestArgs@1, org.springframework.boot.test.context.SpringBootTestWebEnvironment@48c76607], resourceBasePath = 'src/main/webapp', contextLoader = 'org.springframework.boot.test.context.SpringBootContextLoader', parent = [null]], attributes = map['org.springframework.test.context.web.ServletTestExecutionListener.activateListener' -> true]], class annotated with @DirtiesContext [false] with mode [null].

  .   ____          _            __ _ _
 /\\ / ___'_ __ _ _(_)_ __  __ _ \ \ \ \
( ( )\___ | '_ | '_| | '_ \/ _` | \ \ \ \
 \\/  ___)| |_)| | | | | || (_| |  ) ) ) )
  '  |____| .__|_| |_|_| |_\__, | / / / /
 =========|_|==============|___/=/_/_/_/
 :: Spring Boot ::                (v2.7.4)

2023-12-27 01:57:11.560  INFO 24344 --- [    Test worker] r.n.M.service.CustomerServiceTest        : Starting CustomerServiceTest using Java 17.0.9 on moos with PID 24344 (started by moosz in C:\Users\moosz\OneDrive\Desktop\API_Operations_History-main)
2023-12-27 01:57:11.561  INFO 24344 --- [    Test worker] r.n.M.service.CustomerServiceTest        : No active profile set, falling back to 1 default profile: "default"
Waiting for next operation in queue
Waiting for next operation in queue
Waiting for next operation in queue
Waiting for next operation in queue
Waiting for next operation in queue
2023-12-27 01:57:12.653  INFO 24344 --- [    Test worker] r.n.M.service.CustomerServiceTest        : Started CustomerServiceTest in 1.337 seconds (JVM running for 2.17)
Waiting for next operation in queue
Waiting for next operation in queue
Waiting for next operation in queue
Waiting for next operation in queue
]]></system-out>
  <system-err><![CDATA[]]></system-err>
</testsuite>
